2023-05-23T14:13:56+00:00 DEBUG Tt4b_Pixel_Class::inject_view_content_event: hit injectViewContentEvent
2023-05-23T14:13:56+00:00 DEBUG Tt4b_Pixel_Class::inject_view_content_event: Missing option "access_token"
2023-05-23T14:14:58+00:00 DEBUG POST: https://business-api.tiktok.com/open_api/v1.2/tbp/business_profile/store/update/

{"business_platform":"WOO_COMMERCE","external_business_id":"tt4b_woocommerce_6440f31cabb81","net_gmv":[{"interval":"LIFETIME","max":0,"min":0,"unit":"CURRENCY"}],"net_order_count":[{"interval":"LIFETIME","max":0,"min":0,"unit":"COUNT"}],"tenure":{"min":33,"max":33,"unit":"DAYS"},"extra_data":"{\"version\":\"1.0.16\"}"}
 ajax: yes
2023-05-23T14:14:58+00:00 DEBUG Tt4b_Mapi_Class::mapi_post: Response: 

HTTP/1.1 200 OK
Server: nginx
Content-Type: application/json; charset=utf-8
Content-Length: 103
X-Api-Deprecation-Info: API for Business Version 1.3 is now live. To avoid disruption to your business, we recommend you migrate all calls to v1.3 as soon as possible. Please visit our migration guide for more details: https://ads.tiktok.com/marketing_api/docs?id=1740029169927169
X-Domain-Change-Info: We have moved to the new domain business-api.tiktok.com for API services after the Platform Upgrade on 09/30/2021. Please update all of your requests with the new domain if you haven't done so already. For more information, please visit https://ads.tiktok.com/marketing_api/docs?rid=esb88xalm6m&id=1709207085043713
X-Tt-Logid: 202305231414591BA75FA8ACF6740242CF
Server-Timing: inner; dur=2
x-tt-trace-host: 01716579beb6c3ff0e6c669e6284c4f5431c377a909afd2374787424ba9d0b2bf2ab641308cb6018ce1d9a2bb6004a717f5aaca627a40cff6f064dd217fce6ed4708984a1588cc7018780ede5a03ced95b784e0bbed126d293923fbe1967f562ba
Expires: Tue, 23 May 2023 14:15:00 GMT
Cache-Control: max-age=0, no-cache, no-store
Pragma: no-cache
Date: Tue, 23 May 2023 14:15:00 GMT
X-Cache: TCP_MISS from a23-210-250-183.deploy.akamaitechnologies.com (AkamaiGHost/11.1.0-48603064) (-)
Connection: close
x-tt-trace-tag: id=16;cdn-cache=miss;type=dyn
Server-Timing: cdn-cache; desc=MISS, edge; dur=5, origin; dur=10
X-Origin-Response-Time: 10,23.210.250.183
X-Akamai-Request-ID: 9f87900

{"code":40104,"message":"The access_token is empty.","request_id":"202305231414591BA75FA8ACF6740242CF"}

