2023-05-30T06:22:02+00:00 DEBUG tt4b_product_sync: missing access token for tt4b_product_sync
2023-05-30T06:22:33+00:00 DEBUG tt4b_product_sync: missing access token for tt4b_product_sync
2023-05-30T06:23:20+00:00 DEBUG tt4b_product_sync: missing access token for tt4b_product_sync
2023-05-30T06:23:30+00:00 DEBUG tt4b_product_sync: missing access token for tt4b_product_sync
2023-05-30T06:29:22+00:00 DEBUG tt4b_product_sync: missing access token for tt4b_product_sync
2023-05-30T06:30:32+00:00 DEBUG tt4b_product_sync: missing access token for tt4b_product_sync
2023-05-30T06:33:38+00:00 DEBUG tt4b_product_sync: missing access token for tt4b_product_sync
2023-05-30T06:35:37+00:00 DEBUG tt4b_product_sync: missing access token for tt4b_product_sync
2023-05-30T06:37:38+00:00 DEBUG tt4b_product_sync: missing access token for tt4b_product_sync
2023-05-30T06:39:20+00:00 DEBUG tt4b_product_sync: missing access token for tt4b_product_sync
2023-05-30T06:40:32+00:00 DEBUG tt4b_product_sync: missing access token for tt4b_product_sync
2023-05-30T06:42:22+00:00 DEBUG tt4b_product_sync: missing access token for tt4b_product_sync
2023-05-30T06:43:08+00:00 DEBUG tt4b_product_sync: missing access token for tt4b_product_sync
2023-05-30T06:44:29+00:00 DEBUG tt4b_product_sync: missing access token for tt4b_product_sync
2023-05-30T06:46:16+00:00 DEBUG Tt4b_Pixel_Class::inject_add_to_cart_event: hit injectAddToCartEvent
2023-05-30T06:46:16+00:00 DEBUG Tt4b_Pixel_Class::inject_add_to_cart_event: Missing option "access_token"
2023-05-30T07:25:03+00:00 DEBUG tt4b_product_sync: missing access token for tt4b_product_sync
2023-05-30T07:25:03+00:00 DEBUG tt4b_product_delete: missing access token for tt4b_product_sync
2023-05-30T07:41:30+00:00 DEBUG Tt4b_Pixel_Class::inject_start_checkout: hit injectStartCheckout
2023-05-30T07:41:30+00:00 DEBUG Tt4b_Pixel_Class::inject_start_checkout: Missing option "access_token"
2023-05-30T07:48:49+00:00 DEBUG tt4b_product_sync: missing access token for tt4b_product_sync
2023-05-30T07:56:45+00:00 DEBUG tt4b_product_sync: missing access token for tt4b_product_sync
2023-05-30T07:57:42+00:00 DEBUG tt4b_product_sync: missing access token for tt4b_product_sync
2023-05-30T07:59:39+00:00 DEBUG tt4b_product_sync: missing access token for tt4b_product_sync
2023-05-30T08:01:12+00:00 DEBUG tt4b_product_sync: missing access token for tt4b_product_sync
2023-05-30T08:03:09+00:00 DEBUG tt4b_product_sync: missing access token for tt4b_product_sync
2023-05-30T08:05:16+00:00 DEBUG tt4b_product_sync: missing access token for tt4b_product_sync
2023-05-30T08:07:07+00:00 DEBUG tt4b_product_sync: missing access token for tt4b_product_sync
2023-05-30T08:09:05+00:00 DEBUG tt4b_product_sync: missing access token for tt4b_product_sync
2023-05-30T08:10:30+00:00 DEBUG tt4b_product_sync: missing access token for tt4b_product_sync
2023-05-30T08:13:54+00:00 DEBUG tt4b_product_sync: missing access token for tt4b_product_sync
2023-05-30T08:32:25+00:00 DEBUG tt4b_product_sync: missing access token for tt4b_product_sync
2023-05-30T08:32:49+00:00 DEBUG tt4b_product_sync: missing access token for tt4b_product_sync
2023-05-30T08:33:07+00:00 DEBUG tt4b_product_sync: missing access token for tt4b_product_sync
2023-05-30T08:33:17+00:00 DEBUG tt4b_product_sync: missing access token for tt4b_product_sync
2023-05-30T08:33:42+00:00 DEBUG tt4b_product_sync: missing access token for tt4b_product_sync
2023-05-30T08:33:44+00:00 DEBUG tt4b_product_sync: missing access token for tt4b_product_sync
2023-05-30T08:33:47+00:00 DEBUG tt4b_product_sync: missing access token for tt4b_product_sync
2023-05-30T08:33:51+00:00 DEBUG tt4b_product_sync: missing access token for tt4b_product_sync
2023-05-30T08:33:54+00:00 DEBUG tt4b_product_sync: missing access token for tt4b_product_sync
2023-05-30T08:34:21+00:00 DEBUG tt4b_product_sync: missing access token for tt4b_product_sync
2023-05-30T08:34:32+00:00 DEBUG tt4b_product_sync: missing access token for tt4b_product_sync
2023-05-30T08:34:47+00:00 DEBUG tt4b_product_sync: missing access token for tt4b_product_sync
2023-05-30T08:35:18+00:00 DEBUG tt4b_product_sync: missing access token for tt4b_product_sync
2023-05-30T08:35:47+00:00 DEBUG tt4b_product_sync: missing access token for tt4b_product_sync
2023-05-30T08:36:58+00:00 DEBUG tt4b_product_sync: missing access token for tt4b_product_sync
2023-05-30T08:39:45+00:00 DEBUG tt4b_product_sync: missing access token for tt4b_product_sync
2023-05-30T08:41:51+00:00 DEBUG tt4b_product_sync: missing access token for tt4b_product_sync
2023-05-30T08:43:39+00:00 DEBUG tt4b_product_sync: missing access token for tt4b_product_sync
2023-05-30T08:45:40+00:00 DEBUG tt4b_product_sync: missing access token for tt4b_product_sync
2023-05-30T08:46:53+00:00 DEBUG tt4b_product_sync: missing access token for tt4b_product_sync
2023-05-30T08:49:42+00:00 DEBUG tt4b_product_sync: missing access token for tt4b_product_sync
2023-05-30T08:55:39+00:00 DEBUG tt4b_product_sync: missing access token for tt4b_product_sync
2023-05-30T08:56:33+00:00 DEBUG tt4b_product_sync: missing access token for tt4b_product_sync
2023-05-30T08:58:35+00:00 DEBUG tt4b_product_sync: missing access token for tt4b_product_sync
2023-05-30T09:01:03+00:00 DEBUG tt4b_product_sync: missing access token for tt4b_product_sync
2023-05-30T09:01:56+00:00 DEBUG tt4b_product_sync: missing access token for tt4b_product_sync
2023-05-30T09:03:40+00:00 DEBUG tt4b_product_sync: missing access token for tt4b_product_sync
2023-05-30T09:08:09+00:00 DEBUG tt4b_product_sync: missing access token for tt4b_product_sync
2023-05-30T09:10:16+00:00 DEBUG tt4b_product_sync: missing access token for tt4b_product_sync
2023-05-30T09:12:10+00:00 DEBUG tt4b_product_sync: missing access token for tt4b_product_sync
2023-05-30T09:12:25+00:00 DEBUG tt4b_product_sync: missing access token for tt4b_product_sync
2023-05-30T09:14:54+00:00 DEBUG tt4b_product_sync: missing access token for tt4b_product_sync
2023-05-30T09:16:51+00:00 DEBUG tt4b_product_sync: missing access token for tt4b_product_sync
2023-05-30T09:17:41+00:00 DEBUG tt4b_product_sync: missing access token for tt4b_product_sync
2023-05-30T09:18:59+00:00 DEBUG tt4b_product_sync: missing access token for tt4b_product_sync
2023-05-30T09:21:18+00:00 DEBUG tt4b_product_sync: missing access token for tt4b_product_sync
2023-05-30T09:23:05+00:00 DEBUG tt4b_product_sync: missing access token for tt4b_product_sync
2023-05-30T09:30:34+00:00 DEBUG tt4b_product_sync: missing access token for tt4b_product_sync
2023-05-30T09:30:34+00:00 DEBUG tt4b_product_delete: missing access token for tt4b_product_sync
2023-05-30T09:35:21+00:00 DEBUG tt4b_product_sync: missing access token for tt4b_product_sync
2023-05-30T09:36:25+00:00 DEBUG tt4b_product_sync: missing access token for tt4b_product_sync
2023-05-30T09:37:35+00:00 DEBUG tt4b_product_sync: missing access token for tt4b_product_sync
2023-05-30T09:38:43+00:00 DEBUG tt4b_product_sync: missing access token for tt4b_product_sync
2023-05-30T09:39:14+00:00 DEBUG tt4b_product_sync: missing access token for tt4b_product_sync
2023-05-30T09:44:48+00:00 DEBUG Tt4b_Pixel_Class::inject_start_checkout: hit injectStartCheckout
2023-05-30T09:44:48+00:00 DEBUG Tt4b_Pixel_Class::inject_start_checkout: Missing option "access_token"
2023-05-30T09:49:37+00:00 DEBUG tt4b_product_sync: missing access token for tt4b_product_sync
2023-05-30T09:51:01+00:00 DEBUG tt4b_product_sync: missing access token for tt4b_product_sync
2023-05-30T09:52:40+00:00 DEBUG tt4b_product_sync: missing access token for tt4b_product_sync
2023-05-30T09:54:38+00:00 DEBUG tt4b_product_sync: missing access token for tt4b_product_sync
2023-05-30T09:55:30+00:00 DEBUG tt4b_product_sync: missing access token for tt4b_product_sync
2023-05-30T10:06:56+00:00 DEBUG tt4b_product_sync: missing access token for tt4b_product_sync
2023-05-30T10:09:15+00:00 DEBUG tt4b_product_sync: missing access token for tt4b_product_sync
2023-05-30T10:10:21+00:00 DEBUG tt4b_product_sync: missing access token for tt4b_product_sync
2023-05-30T10:10:27+00:00 DEBUG tt4b_product_sync: missing access token for tt4b_product_sync
2023-05-30T10:10:43+00:00 DEBUG tt4b_product_sync: missing access token for tt4b_product_sync
2023-05-30T10:11:35+00:00 DEBUG tt4b_product_sync: missing access token for tt4b_product_sync
2023-05-30T10:14:29+00:00 DEBUG Tt4b_Pixel_Class::inject_view_content_event: hit injectViewContentEvent
2023-05-30T10:14:29+00:00 DEBUG Tt4b_Pixel_Class::inject_view_content_event: Missing option "access_token"
2023-05-30T10:16:34+00:00 DEBUG tt4b_product_sync: missing access token for tt4b_product_sync
2023-05-30T10:17:46+00:00 DEBUG tt4b_product_sync: missing access token for tt4b_product_sync
2023-05-30T10:18:49+00:00 DEBUG tt4b_product_sync: missing access token for tt4b_product_sync
2023-05-30T10:20:05+00:00 DEBUG tt4b_product_sync: missing access token for tt4b_product_sync
2023-05-30T10:25:44+00:00 DEBUG tt4b_product_sync: missing access token for tt4b_product_sync
2023-05-30T10:26:49+00:00 DEBUG tt4b_product_sync: missing access token for tt4b_product_sync
2023-05-30T10:28:03+00:00 DEBUG tt4b_product_sync: missing access token for tt4b_product_sync
2023-05-30T10:29:10+00:00 DEBUG tt4b_product_sync: missing access token for tt4b_product_sync
2023-05-30T10:29:58+00:00 DEBUG Tt4b_Pixel_Class::inject_view_content_event: hit injectViewContentEvent
2023-05-30T10:29:58+00:00 DEBUG Tt4b_Pixel_Class::inject_view_content_event: Missing option "access_token"
2023-05-30T10:35:01+00:00 DEBUG tt4b_product_sync: missing access token for tt4b_product_sync
2023-05-30T10:36:29+00:00 DEBUG tt4b_product_sync: missing access token for tt4b_product_sync
2023-05-30T10:46:10+00:00 DEBUG tt4b_product_sync: missing access token for tt4b_product_sync
2023-05-30T10:46:50+00:00 DEBUG tt4b_product_sync: missing access token for tt4b_product_sync
2023-05-30T10:51:46+00:00 DEBUG tt4b_product_sync: missing access token for tt4b_product_sync
2023-05-30T10:54:21+00:00 DEBUG tt4b_product_sync: missing access token for tt4b_product_sync
2023-05-30T10:55:14+00:00 DEBUG tt4b_product_sync: missing access token for tt4b_product_sync
2023-05-30T10:56:38+00:00 DEBUG tt4b_product_sync: missing access token for tt4b_product_sync
2023-05-30T10:56:49+00:00 DEBUG tt4b_product_sync: missing access token for tt4b_product_sync
2023-05-30T11:04:59+00:00 DEBUG tt4b_product_sync: missing access token for tt4b_product_sync
2023-05-30T11:06:04+00:00 DEBUG tt4b_product_sync: missing access token for tt4b_product_sync
2023-05-30T11:07:09+00:00 DEBUG tt4b_product_sync: missing access token for tt4b_product_sync
2023-05-30T11:08:26+00:00 DEBUG tt4b_product_sync: missing access token for tt4b_product_sync
2023-05-30T11:17:50+00:00 DEBUG Tt4b_Pixel_Class::inject_start_checkout: hit injectStartCheckout
2023-05-30T11:17:50+00:00 DEBUG Tt4b_Pixel_Class::inject_start_checkout: Missing option "access_token"
2023-05-30T11:47:21+00:00 DEBUG Tt4b_Pixel_Class::inject_add_to_cart_event: hit injectAddToCartEvent
2023-05-30T11:47:21+00:00 DEBUG Tt4b_Pixel_Class::inject_add_to_cart_event: Missing option "access_token"
2023-05-30T11:58:23+00:00 DEBUG Tt4b_Pixel_Class::inject_add_to_cart_event: hit injectAddToCartEvent
2023-05-30T11:58:23+00:00 DEBUG Tt4b_Pixel_Class::inject_add_to_cart_event: Missing option "access_token"
2023-05-30T12:09:59+00:00 DEBUG Tt4b_Pixel_Class::inject_start_checkout: hit injectStartCheckout
2023-05-30T12:09:59+00:00 DEBUG Tt4b_Pixel_Class::inject_start_checkout: Missing option "access_token"
2023-05-30T13:38:05+00:00 DEBUG Tt4b_Pixel_Class::inject_add_to_cart_event: hit injectAddToCartEvent
2023-05-30T13:38:05+00:00 DEBUG Tt4b_Pixel_Class::inject_add_to_cart_event: Missing option "access_token"
2023-05-30T13:53:07+00:00 DEBUG Tt4b_Pixel_Class::inject_add_to_cart_event: hit injectAddToCartEvent
2023-05-30T13:53:07+00:00 DEBUG Tt4b_Pixel_Class::inject_add_to_cart_event: Missing option "access_token"
2023-05-30T14:21:18+00:00 DEBUG Tt4b_Pixel_Class::inject_add_to_cart_event: hit injectAddToCartEvent
2023-05-30T14:21:18+00:00 DEBUG Tt4b_Pixel_Class::inject_add_to_cart_event: Missing option "access_token"
2023-05-30T14:24:13+00:00 DEBUG Tt4b_Pixel_Class::inject_view_content_event: hit injectViewContentEvent
2023-05-30T14:24:13+00:00 DEBUG Tt4b_Pixel_Class::inject_view_content_event: Missing option "access_token"
2023-05-30T14:30:38+00:00 DEBUG Tt4b_Pixel_Class::inject_start_checkout: hit injectStartCheckout
2023-05-30T14:30:38+00:00 DEBUG Tt4b_Pixel_Class::inject_start_checkout: Missing option "access_token"
2023-05-30T14:31:58+00:00 DEBUG Tt4b_Pixel_Class::inject_start_checkout: hit injectStartCheckout
2023-05-30T14:31:58+00:00 DEBUG Tt4b_Pixel_Class::inject_start_checkout: Missing option "access_token"
