2023-05-29T14:26:52+00:00 DEBUG Tt4b_Pixel_Class::inject_view_content_event: hit injectViewContentEvent
2023-05-29T14:26:52+00:00 DEBUG Tt4b_Pixel_Class::inject_view_content_event: Missing option "access_token"
2023-05-29T14:27:45+00:00 DEBUG POST: https://business-api.tiktok.com/open_api/v1.2/tbp/business_profile/store/update/

{"business_platform":"WOO_COMMERCE","external_business_id":"tt4b_woocommerce_6440f31cabb81","net_gmv":[{"interval":"LIFETIME","max":95502000,"min":95502000,"unit":"CURRENCY"}],"net_order_count":[{"interval":"LIFETIME","max":1,"min":1,"unit":"COUNT"}],"tenure":{"min":37,"max":37,"unit":"DAYS"},"extra_data":"{\"version\":\"1.0.16\"}"}
 ajax: no
2023-05-29T14:27:45+00:00 DEBUG Tt4b_Mapi_Class::mapi_post: Response: 

HTTP/1.1 200 OK
Server: nginx
Content-Type: application/json; charset=utf-8
Content-Length: 103
X-Api-Deprecation-Info: API for Business Version 1.3 is now live. To avoid disruption to your business, we recommend you migrate all calls to v1.3 as soon as possible. Please visit our migration guide for more details: https://ads.tiktok.com/marketing_api/docs?id=1740029169927169
X-Domain-Change-Info: We have moved to the new domain business-api.tiktok.com for API services after the Platform Upgrade on 09/30/2021. Please update all of your requests with the new domain if you haven't done so already. For more information, please visit https://ads.tiktok.com/marketing_api/docs?rid=esb88xalm6m&id=1709207085043713
X-Tt-Logid: 2023052914274530DC249DBAC94C01FBA7
x-tt-trace-host: 01f384139e1f7dfe9b2ac598753808453e9484289c6b47b5e668767e3d34416ad4c0538e26024a8cbb05425ceec859135dfe0e98d71825dac4d088fca9d846c2e50b200b8d83f7740eaa163deb4c87486957e6dee8050f3e3e98d04e0bd78769b55091f6e70752a6421846253884847a6d
X-Origin-Response-Time: 12,23.59.80.135
X-Akamai-Request-ID: 1f9459ca.b0b7f11
Expires: Mon, 29 May 2023 14:27:46 GMT
Cache-Control: max-age=0, no-cache, no-store
Pragma: no-cache
Date: Mon, 29 May 2023 14:27:46 GMT
X-Cache: TCP_MISS from a23-59-80-191.deploy.akamaitechnologies.com (AkamaiGHost/11.1.0-48603064) (-)
Connection: close
X-Cache-Remote: TCP_MISS from a23-59-80-135.deploy.akamaitechnologies.com (AkamaiGHost/11.1.0-48603064) (-)
x-tt-trace-tag: id=16;cdn-cache=miss;type=dyn
Server-Timing: cdn-cache; desc=MISS, edge; dur=7, origin; dur=12
Server-Timing: inner; dur=8
X-Parent-Response-Time: 15,23.59.80.191

{"code":40104,"message":"The access_token is empty.","request_id":"2023052914274530DC249DBAC94C01FBA7"}

2023-05-29T15:13:48+00:00 DEBUG POST: https://business-api.tiktok.com/open_api/v1.2/tbp/business_profile/store/update/

{"business_platform":"WOO_COMMERCE","external_business_id":"tt4b_woocommerce_6440f31cabb81","net_gmv":[{"interval":"LIFETIME","max":95502000,"min":95502000,"unit":"CURRENCY"}],"net_order_count":[{"interval":"LIFETIME","max":1,"min":1,"unit":"COUNT"}],"tenure":{"min":39,"max":39,"unit":"DAYS"},"extra_data":"{\"version\":\"1.0.16\"}"}
 ajax: yes
2023-05-29T15:13:48+00:00 DEBUG Tt4b_Mapi_Class::mapi_post: Response: 

HTTP/1.1 200 OK
Server: nginx
Content-Type: application/json; charset=utf-8
Content-Length: 103
X-Api-Deprecation-Info: API for Business Version 1.3 is now live. To avoid disruption to your business, we recommend you migrate all calls to v1.3 as soon as possible. Please visit our migration guide for more details: https://ads.tiktok.com/marketing_api/docs?id=1740029169927169
X-Domain-Change-Info: We have moved to the new domain business-api.tiktok.com for API services after the Platform Upgrade on 09/30/2021. Please update all of your requests with the new domain if you haven't done so already. For more information, please visit https://ads.tiktok.com/marketing_api/docs?rid=esb88xalm6m&id=1709207085043713
X-Tt-Logid: 20230529151348E6036BEA408317025EFB
Server-Timing: inner; dur=6
x-tt-trace-host: 01f384139e1f7dfe9b2ac598753808453e3c0b2f28bf528e48fdf7ecd56a63f4c6c894d2467a1d08a83c09651d020682d340c91a65643890fb90192f18a127a2280f69405affecef58111332150fcaf2b649b510c6400f7ddcae3fee8095a90230
Expires: Mon, 29 May 2023 15:13:49 GMT
Cache-Control: max-age=0, no-cache, no-store
Pragma: no-cache
Date: Mon, 29 May 2023 15:13:49 GMT
X-Cache: TCP_MISS from a23-203-135-116.deploy.akamaitechnologies.com (AkamaiGHost/11.1.0-48603064) (-)
Connection: close
x-tt-trace-tag: id=16;cdn-cache=miss;type=dyn
Server-Timing: cdn-cache; desc=MISS, edge; dur=4, origin; dur=39
X-Origin-Response-Time: 40,23.203.135.116
X-Akamai-Request-ID: 2e31a40d

{"code":40104,"message":"The access_token is empty.","request_id":"20230529151348E6036BEA408317025EFB"}

2023-05-29T15:36:14+00:00 DEBUG Tt4b_Pixel_Class::inject_view_content_event: hit injectViewContentEvent
2023-05-29T15:36:14+00:00 DEBUG Tt4b_Pixel_Class::inject_view_content_event: Missing option "access_token"
2023-05-29T15:49:56+00:00 DEBUG tt4b_product_sync: missing access token for tt4b_product_sync
