2023-05-26T01:15:34+00:00 DEBUG POST: https://business-api.tiktok.com/open_api/v1.2/tbp/business_profile/store/update/

{"business_platform":"WOO_COMMERCE","external_business_id":"tt4b_woocommerce_6440f31cabb81","net_gmv":[{"interval":"LIFETIME","max":0,"min":0,"unit":"CURRENCY"}],"net_order_count":[{"interval":"LIFETIME","max":0,"min":0,"unit":"COUNT"}],"tenure":{"min":35,"max":35,"unit":"DAYS"},"extra_data":"{\"version\":\"1.0.16\"}"}
 ajax: yes
2023-05-26T01:15:35+00:00 DEBUG Tt4b_Mapi_Class::mapi_post: Response: 

HTTP/1.1 200 OK
Server: nginx
Content-Type: application/json; charset=utf-8
Content-Length: 103
X-Api-Deprecation-Info: API for Business Version 1.3 is now live. To avoid disruption to your business, we recommend you migrate all calls to v1.3 as soon as possible. Please visit our migration guide for more details: https://ads.tiktok.com/marketing_api/docs?id=1740029169927169
X-Domain-Change-Info: We have moved to the new domain business-api.tiktok.com for API services after the Platform Upgrade on 09/30/2021. Please update all of your requests with the new domain if you haven't done so already. For more information, please visit https://ads.tiktok.com/marketing_api/docs?rid=esb88xalm6m&id=1709207085043713
X-Tt-Logid: 20230526011537E398DE6DC556B0030C85
x-tt-trace-host: 01f384139e1f7dfe9b2ac598753808453e25236cd0b7e24f2f541d0948be53a7baa02e1f07e6fa1eca21ec6538f56819effb53af0fcc7f63f6e8286ea92dfb493593c721973498739224f4b475c29df83e484d8e1ebfa011f337e367b11dda42319d3fe4b7a3c581d399518b1d5a7d2fa7
X-Origin-Response-Time: 10,23.210.250.63
X-Akamai-Request-ID: 71b2f881.2028b074
Expires: Fri, 26 May 2023 01:15:38 GMT
Cache-Control: max-age=0, no-cache, no-store
Pragma: no-cache
Date: Fri, 26 May 2023 01:15:38 GMT
X-Cache: TCP_MISS from a23-203-135-111.deploy.akamaitechnologies.com (AkamaiGHost/11.1.0-48603064) (-)
Connection: close
X-Cache-Remote: TCP_MISS from a23-210-250-63.deploy.akamaitechnologies.com (AkamaiGHost/11.1.0-48603064) (-)
x-tt-trace-tag: id=16;cdn-cache=miss;type=dyn
Server-Timing: cdn-cache; desc=MISS, edge; dur=37, origin; dur=10
Server-Timing: inner; dur=5
X-Parent-Response-Time: 43,23.203.135.111

{"code":40104,"message":"The access_token is empty.","request_id":"20230526011537E398DE6DC556B0030C85"}

2023-05-26T13:51:08+00:00 DEBUG tt4b_product_sync: missing access token for tt4b_product_sync
2023-05-26T13:52:21+00:00 DEBUG tt4b_product_sync: missing access token for tt4b_product_sync
2023-05-26T13:52:28+00:00 DEBUG tt4b_product_sync: missing access token for tt4b_product_sync
2023-05-26T13:54:29+00:00 DEBUG tt4b_product_sync: missing access token for tt4b_product_sync
2023-05-26T13:56:30+00:00 DEBUG tt4b_product_sync: missing access token for tt4b_product_sync
2023-05-26T14:01:19+00:00 DEBUG tt4b_product_sync: missing access token for tt4b_product_sync
2023-05-26T15:13:39+00:00 DEBUG POST: https://business-api.tiktok.com/open_api/v1.2/tbp/business_profile/store/update/

{"business_platform":"WOO_COMMERCE","external_business_id":"tt4b_woocommerce_6440f31cabb81","net_gmv":[{"interval":"LIFETIME","max":0,"min":0,"unit":"CURRENCY"}],"net_order_count":[{"interval":"LIFETIME","max":0,"min":0,"unit":"COUNT"}],"tenure":{"min":36,"max":36,"unit":"DAYS"},"extra_data":"{\"version\":\"1.0.16\"}"}
 ajax: no
2023-05-26T15:13:40+00:00 DEBUG Tt4b_Mapi_Class::mapi_post: Response: 

HTTP/1.1 200 OK
Server: nginx
Content-Type: application/json; charset=utf-8
Content-Length: 103
X-Api-Deprecation-Info: API for Business Version 1.3 is now live. To avoid disruption to your business, we recommend you migrate all calls to v1.3 as soon as possible. Please visit our migration guide for more details: https://ads.tiktok.com/marketing_api/docs?id=1740029169927169
X-Domain-Change-Info: We have moved to the new domain business-api.tiktok.com for API services after the Platform Upgrade on 09/30/2021. Please update all of your requests with the new domain if you haven't done so already. For more information, please visit https://ads.tiktok.com/marketing_api/docs?rid=esb88xalm6m&id=1709207085043713
X-Tt-Logid: 20230526151338C065BD2D2248CA0354FF
Server-Timing: inner; dur=4
x-tt-trace-host: 01f384139e1f7dfe9b2ac598753808453e7115f8aff2fd91314f2b79e8128f14b1f9af0a60e824926ba46f15b525e4f61358349b6b2c540070db830259a61e0a26f470b644a4798e6bac6e078cfec3c1dd69bbd6a2b54ff525f6287cea8a4759fa
Expires: Fri, 26 May 2023 15:13:39 GMT
Cache-Control: max-age=0, no-cache, no-store
Pragma: no-cache
Date: Fri, 26 May 2023 15:13:39 GMT
X-Cache: TCP_MISS from a23-203-135-78.deploy.akamaitechnologies.com (AkamaiGHost/11.1.0-48603064) (-)
Connection: close
x-tt-trace-tag: id=16;cdn-cache=miss;type=dyn
Server-Timing: cdn-cache; desc=MISS, edge; dur=3, origin; dur=38
X-Origin-Response-Time: 38,23.203.135.78
X-Akamai-Request-ID: 2d819050

{"code":40104,"message":"The access_token is empty.","request_id":"20230526151338C065BD2D2248CA0354FF"}

