2023-05-27T15:13:22+00:00 DEBUG POST: https://business-api.tiktok.com/open_api/v1.2/tbp/business_profile/store/update/

{"business_platform":"WOO_COMMERCE","external_business_id":"tt4b_woocommerce_6440f31cabb81","net_gmv":[{"interval":"LIFETIME","max":0,"min":0,"unit":"CURRENCY"}],"net_order_count":[{"interval":"LIFETIME","max":0,"min":0,"unit":"COUNT"}],"tenure":{"min":37,"max":37,"unit":"DAYS"},"extra_data":"{\"version\":\"1.0.16\"}"}
 ajax: no
2023-05-27T15:13:22+00:00 DEBUG Tt4b_Mapi_Class::mapi_post: Response: 

HTTP/1.1 200 OK
Server: nginx
Content-Type: application/json; charset=utf-8
Content-Length: 103
X-Api-Deprecation-Info: API for Business Version 1.3 is now live. To avoid disruption to your business, we recommend you migrate all calls to v1.3 as soon as possible. Please visit our migration guide for more details: https://ads.tiktok.com/marketing_api/docs?id=1740029169927169
X-Domain-Change-Info: We have moved to the new domain business-api.tiktok.com for API services after the Platform Upgrade on 09/30/2021. Please update all of your requests with the new domain if you haven't done so already. For more information, please visit https://ads.tiktok.com/marketing_api/docs?rid=esb88xalm6m&id=1709207085043713
X-Tt-Logid: 20230527151321973214A77651000BA70C
Server-Timing: inner; dur=4
x-tt-trace-host: 01f384139e1f7dfe9b2ac598753808453e73cbf26bcb31baa1f6f53a3cd6a8fca3f634433dd88de5ac82d60dbfa45fade595bfaf8120b62642161cc246d0db9a3956828957649caa8e5b832ab0293b567679ec04fa3cb4d0f2d7d603b56a3f8c83
Expires: Sat, 27 May 2023 15:13:22 GMT
Cache-Control: max-age=0, no-cache, no-store
Pragma: no-cache
Date: Sat, 27 May 2023 15:13:22 GMT
X-Cache: TCP_MISS from a23-210-250-141.deploy.akamaitechnologies.com (AkamaiGHost/11.1.0-48603064) (-)
Connection: close
x-tt-trace-tag: id=16;cdn-cache=miss;type=dyn
Server-Timing: cdn-cache; desc=MISS, edge; dur=4, origin; dur=13
X-Origin-Response-Time: 13,23.210.250.141
X-Akamai-Request-ID: a8da35f1

{"code":40104,"message":"The access_token is empty.","request_id":"20230527151321973214A77651000BA70C"}

