2023-05-24T03:11:20+00:00 DEBUG POST: https://business-api.tiktok.com/open_api/v1.2/tbp/business_profile/store/update/

{"business_platform":"WOO_COMMERCE","external_business_id":"tt4b_woocommerce_6440f31cabb81","net_gmv":[{"interval":"LIFETIME","max":0,"min":0,"unit":"CURRENCY"}],"net_order_count":[{"interval":"LIFETIME","max":0,"min":0,"unit":"COUNT"}],"tenure":{"min":33,"max":33,"unit":"DAYS"},"extra_data":"{\"version\":\"1.0.16\"}"}
 ajax: yes
2023-05-24T03:11:20+00:00 DEBUG Tt4b_Mapi_Class::mapi_post: Response: 

HTTP/1.1 200 OK
Server: nginx
Content-Type: application/json; charset=utf-8
Content-Length: 103
X-Api-Deprecation-Info: API for Business Version 1.3 is now live. To avoid disruption to your business, we recommend you migrate all calls to v1.3 as soon as possible. Please visit our migration guide for more details: https://ads.tiktok.com/marketing_api/docs?id=1740029169927169
X-Domain-Change-Info: We have moved to the new domain business-api.tiktok.com for API services after the Platform Upgrade on 09/30/2021. Please update all of your requests with the new domain if you haven't done so already. For more information, please visit https://ads.tiktok.com/marketing_api/docs?rid=esb88xalm6m&id=1709207085043713
X-Tt-Logid: 202305240311210FA79D477BD263063A84
Server-Timing: inner; dur=6
x-tt-trace-host: 01716579beb6c3ff0e6c669e6284c4f5438c81991ebd06fcc77f49ef0b3f735364527fda192c91f5a716628395f07f85bb6945e85cdfcbb1d1babcb221038869b250d6ff4a2eea3d232adfd47be8fb73a57e67f39dab601e27d55141d479f3a2b5
Expires: Wed, 24 May 2023 03:11:22 GMT
Cache-Control: max-age=0, no-cache, no-store
Pragma: no-cache
Date: Wed, 24 May 2023 03:11:22 GMT
X-Cache: TCP_MISS from a23-203-135-101.deploy.akamaitechnologies.com (AkamaiGHost/11.1.0-48603064) (-)
Connection: close
x-tt-trace-tag: id=16;cdn-cache=miss;type=dyn
Server-Timing: cdn-cache; desc=MISS, edge; dur=3, origin; dur=38
X-Origin-Response-Time: 39,23.203.135.101
X-Akamai-Request-ID: 124f094c

{"code":40104,"message":"The access_token is empty.","request_id":"202305240311210FA79D477BD263063A84"}

